\BOOKMARK [0][-]{chapter*.1}{Vorwort}{}% 1
\BOOKMARK [0][-]{chapter*.1}{Inhaltsverzeichnis}{}% 2
\BOOKMARK [0][-]{chapter.1}{SI-Einheiten}{}% 3
\BOOKMARK [1][-]{section.1.1}{Das neue System der Grundeinheiten}{chapter.1}% 4
\BOOKMARK [2][-]{subsection.1.1.1}{Die Sekunde}{section.1.1}% 5
\BOOKMARK [2][-]{subsection.1.1.2}{Das Meter}{section.1.1}% 6
\BOOKMARK [2][-]{subsection.1.1.3}{Das Kilogramm}{section.1.1}% 7
\BOOKMARK [2][-]{subsection.1.1.4}{Das Ampere}{section.1.1}% 8
\BOOKMARK [2][-]{subsection.1.1.5}{Das Kelvin}{section.1.1}% 9
\BOOKMARK [2][-]{subsection.1.1.6}{Das Mol}{section.1.1}% 10
\BOOKMARK [1][-]{section.1.2}{Zur Geschichte der Grundeinheiten}{chapter.1}% 11
\BOOKMARK [2][-]{subsection.1.2.1}{Die Sekunde}{section.1.2}% 12
\BOOKMARK [2][-]{subsection.1.2.2}{Das Meter}{section.1.2}% 13
\BOOKMARK [2][-]{subsection.1.2.3}{Das Kilogramm}{section.1.2}% 14
\BOOKMARK [2][-]{subsection.1.2.4}{Das Ampere}{section.1.2}% 15
\BOOKMARK [2][-]{subsection.1.2.5}{Das Kelvin}{section.1.2}% 16
\BOOKMARK [2][-]{subsection.1.2.6}{Das Mol}{section.1.2}% 17
\BOOKMARK [1][-]{section.1.3}{Historische Kuriosit\344ten}{chapter.1}% 18
\BOOKMARK [2][-]{subsection.1.3.1}{Jean Picard und das Meter}{section.1.3}% 19
\BOOKMARK [2][-]{subsection.1.3.2}{2 oder 4/3 - wenn gro\337e Geister uneins sind}{section.1.3}% 20
\BOOKMARK [0][-]{chapter.2}{Kalendersysteme}{}% 21
\BOOKMARK [1][-]{section.2.1}{Tage, Monate und Jahre}{chapter.2}% 22
\BOOKMARK [2][-]{subsection.2.1.1}{Tage}{section.2.1}% 23
\BOOKMARK [2][-]{subsection.2.1.2}{Monate}{section.2.1}% 24
\BOOKMARK [2][-]{subsection.2.1.3}{Jahre}{section.2.1}% 25
\BOOKMARK [1][-]{section.2.2}{Der Menton-Zyklus und die Struktur von Mondkalendern}{chapter.2}% 26
\BOOKMARK [2][-]{subsection.2.2.1}{Der J\374dische Kalender}{section.2.2}% 27
\BOOKMARK [2][-]{subsection.2.2.2}{Der Islamische Kalender}{section.2.2}% 28
\BOOKMARK [1][-]{section.2.3}{Die Wochentage}{chapter.2}% 29
\BOOKMARK [1][-]{section.2.4}{Die Kalenderreform von 1582}{chapter.2}% 30
\BOOKMARK [1][-]{section.2.5}{Kuriosit\344ten der Kalenderreform}{chapter.2}% 31
\BOOKMARK [0][-]{chapter.3}{Die Zeitgleichung}{}% 32
\BOOKMARK [1][-]{section.3.1}{Zeitsysteme}{chapter.3}% 33
\BOOKMARK [2][-]{subsection.3.1.1}{Zeitzonen}{section.3.1}% 34
\BOOKMARK [2][-]{subsection.3.1.2}{Wahrer und mittlerer Sonnentag}{section.3.1}% 35
\BOOKMARK [1][-]{section.3.2}{Zur Mathematik einer elliptischen Bahnkurve}{chapter.3}% 36
\BOOKMARK [1][-]{section.3.3}{Der Einfluss der elliptischen Bahnkurve}{chapter.3}% 37
\BOOKMARK [1][-]{section.3.4}{Die Neigung der Erdachse zur Ekliptik}{chapter.3}% 38
\BOOKMARK [1][-]{section.3.5}{Die Zeitgleichung}{chapter.3}% 39
\BOOKMARK [1][-]{section.3.6}{Kuriosit\344ten}{chapter.3}% 40
\BOOKMARK [2][-]{subsection.3.6.1}{Die Ekliptik auf alten Landkarten und Globen}{section.3.6}% 41
\BOOKMARK [2][-]{subsection.3.6.2}{Das Analemma}{section.3.6}% 42
\BOOKMARK [2][-]{subsection.3.6.3}{Der k\374rzeste Tag}{section.3.6}% 43
\BOOKMARK [1][-]{section.3.7}{Anhang}{chapter.3}% 44
\BOOKMARK [2][-]{subsection.3.7.1}{\304quivalenz des zweiten Kepler'schen Gesetzes und der Drehimpulserhaltung}{section.3.7}% 45
\BOOKMARK [0][-]{chapter.4}{Zeitsysteme}{}% 46
\BOOKMARK [1][-]{section.4.1}{Das Julianische Datum}{chapter.4}% 47
\BOOKMARK [1][-]{section.4.2}{Die Ephemeridenzeit - ET}{chapter.4}% 48
\BOOKMARK [1][-]{section.4.3}{TT, TCG und TCB}{chapter.4}% 49
\BOOKMARK [1][-]{section.4.4}{Die Internationale Atomzeit - TAI}{chapter.4}% 50
\BOOKMARK [1][-]{section.4.5}{Universal Times - UT0, UT1, UT2}{chapter.4}% 51
\BOOKMARK [1][-]{section.4.6}{Universal Coordinated Time - UTC}{chapter.4}% 52
\BOOKMARK [1][-]{section.4.7}{Lokalzeit - Local Time}{chapter.4}% 53
\BOOKMARK [1][-]{section.4.8}{GPS Time}{chapter.4}% 54
\BOOKMARK [1][-]{section.4.9}{Kuriosit\344ten}{chapter.4}% 55
\BOOKMARK [2][-]{subsection.4.9.1}{Die Datumsgrenze}{section.4.9}% 56
\BOOKMARK [2][-]{subsection.4.9.2}{Verschiebung der Datumsgrenze zum Millenium}{section.4.9}% 57
\BOOKMARK [0][-]{chapter.5}{Zeitmessung}{}% 58
\BOOKMARK [1][-]{section.5.1}{Antike Zeitmesser}{chapter.5}% 59
\BOOKMARK [2][-]{subsection.5.1.1}{Sonnenuhren}{section.5.1}% 60
\BOOKMARK [2][-]{subsection.5.1.2}{Wasseruhren und andere Zeitmesser des Altertums}{section.5.1}% 61
\BOOKMARK [1][-]{section.5.2}{Uhren}{chapter.5}% 62
\BOOKMARK [2][-]{subsection.5.2.1}{Hemmungen}{section.5.2}% 63
\BOOKMARK [2][-]{subsection.5.2.2}{Pendeluhren}{section.5.2}% 64
\BOOKMARK [1][-]{section.5.3}{Das Problem des L\344ngengrads}{chapter.5}% 65
\BOOKMARK [1][-]{section.5.4}{Moderne Uhren}{chapter.5}% 66
\BOOKMARK [2][-]{subsection.5.4.1}{Das Master-Slave-Prinzip}{section.5.4}% 67
\BOOKMARK [2][-]{subsection.5.4.2}{Quarzuhren}{section.5.4}% 68
\BOOKMARK [2][-]{subsection.5.4.3}{Atomuhren}{section.5.4}% 69
\BOOKMARK [2][-]{subsection.5.4.4}{Fountain-Clocks}{section.5.4}% 70
\BOOKMARK [1][-]{section.5.5}{Kuriosit\344ten}{chapter.5}% 71
\BOOKMARK [2][-]{subsection.5.5.1}{Die tautochrone Kurve - Zykloide}{section.5.5}% 72
\BOOKMARK [0][-]{chapter.6}{Die Gezeiten - Ebbe und Flut}{}% 73
\BOOKMARK [1][-]{section.6.1}{Gezeitenkr\344fte}{chapter.6}% 74
\BOOKMARK [1][-]{section.6.2}{Der dem Mond abgewandte Gezeitenberg}{chapter.6}% 75
\BOOKMARK [2][-]{subsection.6.2.1}{Der Einfluss der Fliehkraft}{section.6.2}% 76
\BOOKMARK [2][-]{subsection.6.2.2}{Die Gezeitenkr\344fte}{section.6.2}% 77
\BOOKMARK [1][-]{section.6.3}{Spring- und Nipptide}{chapter.6}% 78
\BOOKMARK [1][-]{section.6.4}{Die Neigung der Erdachse}{chapter.6}% 79
\BOOKMARK [1][-]{section.6.5}{Herleitung einiger Gleichungen}{chapter.6}% 80
\BOOKMARK [2][-]{subsection.6.5.1}{Gezeitenbeschleunigung}{section.6.5}% 81
\BOOKMARK [0][-]{chapter.7}{Gezeiten und Tagesl\344nge}{}% 82
\BOOKMARK [1][-]{section.7.1}{Die Tage werden l\344nger}{chapter.7}% 83
\BOOKMARK [1][-]{section.7.2}{Ein paar \214-.4 Daumen\215-Rechnungen}{chapter.7}% 84
\BOOKMARK [2][-]{subsection.7.2.1}{Die Zunahme der Tagesl\344nge}{section.7.2}% 85
\BOOKMARK [2][-]{subsection.7.2.2}{Wie alt ist der Mond?}{section.7.2}% 86
\BOOKMARK [2][-]{subsection.7.2.3}{Wie geht es weiter?}{section.7.2}% 87
\BOOKMARK [1][-]{section.7.3}{Herleitung einiger Gleichungen}{chapter.7}% 88
\BOOKMARK [2][-]{subsection.7.3.1}{Differenzieller Drehimpuls}{section.7.3}% 89
\BOOKMARK [0][-]{chapter.8}{Der Nachthimmel}{}% 90
\BOOKMARK [1][-]{section.8.1}{Himmelskoordinaten}{chapter.8}% 91
\BOOKMARK [2][-]{subsection.8.1.1}{Lokale Koordinaten}{section.8.1}% 92
\BOOKMARK [2][-]{subsection.8.1.2}{\304quatoriale Koordinaten}{section.8.1}% 93
\BOOKMARK [2][-]{subsection.8.1.3}{Ekliptische Koordinaten}{section.8.1}% 94
\BOOKMARK [2][-]{subsection.8.1.4}{Galaktische Koordinaten}{section.8.1}% 95
\BOOKMARK [1][-]{section.8.2}{Sternbilder}{chapter.8}% 96
\BOOKMARK [1][-]{section.8.3}{Tierkreiszeichen}{chapter.8}% 97
\BOOKMARK [1][-]{section.8.4}{Asterismen}{chapter.8}% 98
\BOOKMARK [0][-]{chapter.9}{Die Kosmische Entfernungsleiter}{}% 99
\BOOKMARK [1][-]{section.9.1}{Aristarchos von Samos}{chapter.9}% 100
\BOOKMARK [1][-]{section.9.2}{Eratosthenes von Kyrene}{chapter.9}% 101
\BOOKMARK [1][-]{section.9.3}{Die Gr\366\337e der Erde}{chapter.9}% 102
\BOOKMARK [1][-]{section.9.4}{Der Abstand Erde-Sonne}{chapter.9}% 103
\BOOKMARK [1][-]{section.9.5}{Parallaxenmessung der n\344chsten Sterne}{chapter.9}% 104
\BOOKMARK [1][-]{section.9.6}{Standardkerzen}{chapter.9}% 105
\BOOKMARK [2][-]{subsection.9.6.1}{Absolute und scheinbare Magnitude}{section.9.6}% 106
\BOOKMARK [2][-]{subsection.9.6.2}{Ver\344nderliche}{section.9.6}% 107
\BOOKMARK [2][-]{subsection.9.6.3}{Statistische Verfahren}{section.9.6}% 108
\BOOKMARK [2][-]{subsection.9.6.4}{Supernovae Typ Ia}{section.9.6}% 109
\BOOKMARK [1][-]{section.9.7}{Die kosmische Rotverschiebung}{chapter.9}% 110
\BOOKMARK [0][-]{chapter.10}{Landkarten und der metrische Tensor}{}% 111
\BOOKMARK [1][-]{section.10.1}{Ortsabh\344ngige Landkartenma\337st\344be}{chapter.10}% 112
\BOOKMARK [1][-]{section.10.2}{Beschreibung einer Ellipse}{chapter.10}% 113
\BOOKMARK [1][-]{section.10.3}{Tissot-Indikatrix und die Metrik}{chapter.10}% 114
\BOOKMARK [1][-]{section.10.4}{Parameterdarstellungen}{chapter.10}% 115
\BOOKMARK [1][-]{section.10.5}{Zylinder-Projektionen}{chapter.10}% 116
\BOOKMARK [2][-]{subsection.10.5.1}{Die Lambert-Projektion}{section.10.5}% 117
\BOOKMARK [2][-]{subsection.10.5.2}{Die Mercator-Projektion}{section.10.5}% 118
\BOOKMARK [1][-]{section.10.6}{Das UNO-Emblem}{chapter.10}% 119
\BOOKMARK [1][-]{section.10.7}{Kuriosit\344ten}{chapter.10}% 120
\BOOKMARK [2][-]{subsection.10.7.1}{Tissot-Figuren in h\366heren Dimensionen}{section.10.7}% 121
\BOOKMARK [2][-]{subsection.10.7.2}{Tissot-Hyperbeln in Minkowski-R\344umen}{section.10.7}% 122
\BOOKMARK [2][-]{subsection.10.7.3}{Die Lambert-Karte und ein Theorem von Archimedes}{section.10.7}% 123
\BOOKMARK [0][-]{chapter.11}{Das Zwillingsparadoxon}{}% 124
\BOOKMARK [1][-]{section.11.1}{Die Eigenzeit entlang einer Weltlinie}{chapter.11}% 125
\BOOKMARK [1][-]{section.11.2}{Die Euklid- und Minkowski-Schablone}{chapter.11}% 126
\BOOKMARK [1][-]{section.11.3}{Das Zwillingsparadoxon}{chapter.11}% 127
\BOOKMARK [1][-]{section.11.4}{Die Rolle der Beschleunigung}{chapter.11}% 128
\BOOKMARK [1][-]{section.11.5}{Vergleich der Bezugssysteme}{chapter.11}% 129
\BOOKMARK [1][-]{section.11.6}{Kuriosit\344ten}{chapter.11}% 130
\BOOKMARK [2][-]{subsection.11.6.1}{Das Zwillingsparadoxon in einem periodischen Universum}{section.11.6}% 131
\BOOKMARK [0][-]{figure.11.7}{Stichwortverzeichnis}{}% 132
